<?xml version="1.0" encoding="UTF-8"?>
<!-- Generated by org.testng.reporters.JUnitReportReporter -->
<testsuite hostname="Marcin" failures="0" tests="1" name="SeleniumTest" time="0.020" errors="0" timestamp="15 lip 2022 19:20:31 GMT" skipped="0">
  <testcase classname="SeleniumTest" name="sampleTest" time="0.020"/>
</testsuite> <!-- SeleniumTest -->
